Arguments: 
  C:\Program Files\nodejs\node.exe C:\Users\kates\AppData\Roaming\npm\node_modules\yarn\bin\yarn.js start

PATH: 
  C:\ProgramData\Oracle\Java\javapath;C:\Program Files (x86)\Intel\iCLS Client\;C:\Program Files\Intel\iCLS Client\;C:\Windows\system32;C:\Windows;C:\Windows\System32\Wbem;C:\Windows\System32\WindowsPowerShell\v1.0\;C:\Program Files (x86)\Intel\Intel(R) Management Engine Components\DAL;C:\Program Files\Intel\Intel(R) Management Engine Components\DAL;C:\Program Files (x86)\Intel\Intel(R) Management Engine Components\IPT;C:\Program Files\Intel\Intel(R) Management Engine Components\IPT;C:\Program Files (x86)\NVIDIA Corporation\PhysX\Common;C:\Program Files\Intel\WiFi\bin\;C:\Program Files\Common Files\Intel\WirelessCommon\;C:\WINDOWS\system32;C:\WINDOWS;C:\WINDOWS\System32\Wbem;C:\WINDOWS\System32\WindowsPowerShell\v1.0\;C:\Program Files\Git\cmd;C:\Program Files\nodejs\;C:\Program Files\dotnet\;C:\Program Files\Microsoft SQL Server\130\Tools\Binn\;C:\Program Files\Microsoft SQL Server\Client SDK\ODBC\130\Tools\Binn\;C:\Program Files (x86)\Microsoft SQL Server\140\Tools\Binn\;C:\Program Files\Microsoft SQL Server\140\Tools\Binn\;C:\Program Files\Microsoft SQL Server\140\DTS\Binn\;C:\Program Files (x86)\Microsoft SQL Server\110\DTS\Binn\;C:\Program Files (x86)\Microsoft SQL Server\120\DTS\Binn\;C:\Program Files (x86)\Microsoft SQL Server\130\DTS\Binn\;C:\Program Files (x86)\Microsoft SQL Server\140\DTS\Binn\;C:\Program Files (x86)\Microsoft SQL Server\Client SDK\ODBC\130\Tools\Binn\;C:\Program Files (x86)\Microsoft SQL Server\140\Tools\Binn\ManagementStudio\;C:\Users\kates\AppData\Local\Microsoft\WindowsApps;C:\Users\kates\AppData\Roaming\Dashlane\4.8.6.35647\bin\Firefox_Extension\{442718d9-475e-452a-b3e1-fb1ee16b8e9f}\components;C:\Users\kates\AppData\Roaming\Dashlane\4.8.6.35647\ucrt;C:\Users\kates\AppData\Roaming\npm;C:\Program Files (x86)\Heroku\bin;C:\Program Files\MongoDB\Server\3.6\bin;C:\Program Files\Java\jdk1.8.0_161\bin;

Yarn version: 
  1.5.1

Node version: 
  6.11.3

Platform: 
  win32 x64

npm manifest: 
  {
    "name": "sip-happens",
    "version": "1.0.0",
    "description": "",
    "main": "index.js",
    "dependencies": {
      "axios": "^0.18.0",
      "body-parser": "^1.18.2",
      "express": "^4.16.3",
      "mongoose": "^5.0.15",
      "nodemon": "^1.17.3"
    },
    "devDependencies": {},
    "scripts": {
      "test": "echo \"Error: no test specified\" && exit 1"
    },
    "author": "",
    "license": "ISC"
  }

yarn manifest: 
  No manifest

Lockfile: 
  No lockfile

Trace: 
  Error: Command failed.
  Exit code: 1
  Command: C:\WINDOWS\system32\cmd.exe
  Arguments: /d /s /c node server.js
  Directory: C:\Users\kates\Documents\BootCamp\sip-happens
  Output:
  
      at ProcessTermError.Error (native)
      at ProcessTermError.MessageError (C:\Users\kates\AppData\Roaming\npm\node_modules\yarn\lib\cli.js:186:110)
      at new ProcessTermError (C:\Users\kates\AppData\Roaming\npm\node_modules\yarn\lib\cli.js:226:113)
      at ChildProcess.<anonymous> (C:\Users\kates\AppData\Roaming\npm\node_modules\yarn\lib\cli.js:30281:17)
      at emitTwo (events.js:106:13)
      at ChildProcess.emit (events.js:191:7)
      at maybeClose (internal/child_process.js:920:16)
      at Process.ChildProcess._handle.onexit (internal/child_process.js:230:5)
